<?xml version="1.0" encoding="UTF-8"?>
<!-- Generated by org.testng.reporters.JUnitReportReporter -->
<testsuite hostname="Klaus" failures="0" tests="1" name="com.Fork.Assessment.Validate_Assessment" time="57.658" errors="0" timestamp="22 Feb 2023 15:59:58 GMT">
  <testcase classname="com.Fork.Assessment.Validate_Assessment" name="assessmentTest" time="57.658"/>
</testsuite> <!-- com.Fork.Assessment.Validate_Assessment -->
